[SOCK] created sock=9021 af=2 type=1 proto=6
[IOCTL] sock=9021 FIONBIO non_blocking=true
[CONN] sock=9021 connecting to 127.0.0.1:33000 (channel)
[DNet] handler thread started
[CONN] sock=9021 -> 127.0.0.1:33000 OK (channel)
[SEND] sock=9021 -> 8 bytes (WSA)
[CTRL] msg=1 target_ch=1
[CTRL] Ch=1 open request → accepting
[ANALYZE] ch=1 phase=open-accepted control-open accepted; awaiting bootstrap packet
[SEND] CTRL (8B): 0000040002000100
[RECV] t=43217ms sock=9021 len=1 | 00
[RECV] sock=9021 -> 1 (peek)
[RECV] t=43217ms sock=9021 len=4 | 00 00 04 00
[RECV] sock=9021 -> 4
[RECV] t=43217ms sock=9021 len=4 | 02 00 01 00
[RECV] sock=9021 -> 4
[SEND] sock=9021 -> 14 bytes (WSA)[RECV] ch=1 main=0xe0 sub=0x04 payload=8B 0d35000000001100

[ANALYZE] ch=1 phase=bootstrap-version-sent note=bootstrap responded with compatibility sequence msg=4 -> msg=0(version=54) -> msg=6; deferred msg=8/msg=9 until real client stage-channel opens are observed
[SEND] APP (12B): 010008000000000004000000
[SEND] APP (14B): 01000a0000000000000000003600
[SEND] APP (12B): 010008000000000006000000
[RECV] t=43736ms sock=9021 len=1 | 01
[RECV] sock=9021 -> 1 (peek)
[RECV] t=43736ms sock=9021 len=4 | 01 00 08 00
[RECV] sock=9021 -> 4
[RECV] t=43737ms sock=9021 len=8 | 00 00 00 00 04 00 00 00
[RECV] sock=9021 -> 8
[RECV] t=43738ms sock=9021 len=1 | 01
[RECV] sock=9021 -> 1 (peek)
[RECV] t=43738ms sock=9021 len=4 | 01 00 0a 00
[RECV] sock=9021 -> 4
[RECV] t=43738ms sock=9021 len=10 | 00 00 00 00 00 00 00 00 36 00
[RECV] sock=9021 -> 10
[RECV] t=43739ms sock=9021 len=1 | 01
[RECV] sock=9021 -> 1 (peek)
[RECV] t=43739ms sock=9021 len=4 | 01 00 08 00
[RECV] sock=9021 -> 4
[RECV] t=43740ms sock=9021 len=8 | 00 00 00 00 06 00 00 00
[RECV] sock=9021 -> 8
[CTRL] msg=4 target_ch=1
[SEND] sock=9021 -> 8 bytes (WSA)
[ANALYZE] ch=1 phase=bootstrap-version-sent client closed channel immediately after bootstrap version response; response is likely insufficient
[CTRL] Ch=1 close received → echoing close
[SEND] CTRL (8B): 0000040004000100
[RECV] t=44370ms sock=9021 len=1 | 00
[RECV] sock=9021 -> 1 (peek)
[RECV] t=44388ms sock=9021 len=4 | 00 00 04 00
[RECV] sock=9021 -> 4
[RECV] t=44389ms sock=9021 len=4 | 04 00 01 00
[RECV] sock=9021 -> 4
